Jun 27 19:10 : exception: Failed to open /home/fu/.mpd/mpdstate: No such file or directory
Jun 27 19:10 : update: added 杨坤.-.[那一天].专辑.(APE)/杨坤.-.[那一天].专辑.(APE).ape
Jun 27 19:10 : update: added 十大怀旧金曲/CDImage.wav
Jun 27 19:10 : update: added download/2557873204543444486_hd.mp3
Jun 27 19:10 : update: added download/2558243566018130438_hd.mp3
Jun 27 19:10 : update: added download/2575069707908889094_ud.mp3
Jun 27 19:10 : update: added download/2562001804136210950_hd.mp3
Jun 27 19:10 : update: added download/2555835951231180806_hd.mp3
Jun 27 19:10 : update: added download/2573729918630520838_hd.mp3
Jun 27 19:10 : update: added download/2574560618992650758_hd.mp3
Jun 27 19:10 : update: added download/2564575013532313606_hd.mp3
Jun 27 19:10 : update: added download/2573729895008198150_hd.mp3
Jun 27 19:10 : update: added download/2559355524458148870_hd.mp3
Jun 27 19:10 : update: added download/2573118716867828230_hd.mp3
Jun 27 19:10 : update: added download/2573729379612104198_hd.mp3
Jun 27 19:10 : update: added download/2568661159289670662_hd.mp3
Jun 27 19:10 : update: added download/2573714909867140614_hd.mp3
Jun 27 19:10 : update: added download/2568661026145681926_hd.mp3
Jun 27 19:10 : update: added download/2575754098062565382_hd.mp3
Jun 27 19:10 : update: added download/2573729315187589126_hd.mp3
Jun 27 19:10 : update: added download/2558985382031436806_hd.mp3
Jun 27 19:10 : update: added download/2574322652035263494_hd.mp3
Jun 27 19:10 : update: added download/2557580979265132038_hd.mp3
Jun 27 19:10 : update: added download/2573714723036056582_hd.mp3
Jun 27 19:10 : update: added download/2574015611266919942_hd.mp3
Jun 27 19:10 : update: added download/2573851683101260294_hd.mp3
Jun 27 19:10 : update: added download/2554911646354640902_hd.mp3
Jun 27 19:10 : update: added download/2573714856180046854_hd.mp3
Jun 27 19:10 : update: added download/2568660931656398342_hd.mp3
Jun 27 19:10 : update: added download/2579790480410658310_hd.mp3
Jun 27 19:10 : update: added download/2560393315260452870_hd.mp3
Jun 27 19:10 : update: added download/2561881510691520006_hd.mp3
Jun 27 19:10 : update: added download/2552387433942448134_hd.mp3
Jun 27 19:10 : update: added download/2573729873533360646_hd.mp3
Jun 27 19:10 : update: added download/2568661099160127494_hd.mp3
Jun 27 19:10 : update: added download/2574322226833499654_hd.mp3
Jun 27 19:10 : update: added download/2557687187361829894_hd.mp3
Jun 27 19:10 : update: added download/2573714918457075718_hd.mp3
Jun 27 19:10 : update: added download/2574757620554000390_hd.mp3
Jun 27 19:10 : update: added download/2561875109042700806_hd.mp3
Jun 27 19:10 : update: added download/2568661045473035270_hd.mp3
Jun 27 19:10 : update: added download/2557570074343098374_hd.mp3
Jun 27 19:10 : update: added download/2568663235906396166_hd.mp3
Jun 27 19:10 : update: added download/2559639922162641926_hd.mp3
Jun 27 19:10 : update: added download/2573729147683856390_hd.mp3
Jun 27 19:10 : update: added download/2573730002382385670_hd.mp3
Jun 27 19:10 : update: added download/2573729819846267910_hd.mp3
Jun 27 19:10 : update: added download/2573539557089890822_hd.mp3
Jun 27 19:10 : update: added download/2556390921137623046_hd.mp3
Jun 27 19:10 : update: added download/2580785072430049798_hd.mp3
Jun 27 19:10 : update: added download/2559171070648626182_hd.mp3
Jun 27 19:10 : update: added download/2573714828262757894_hd.mp3
Jun 27 19:10 : update: added download/2559542604646887942_hd.mp3
Jun 27 19:10 : update: added download/2568660978901041158_hd.mp3
Jun 27 19:10 : update: added download/2568660901591624198_hd.mp3
Jun 27 19:10 : update: added download/2573714796050502150_hd.mp3
Jun 27 19:10 : update: added download/2573714667201481222_hd.mp3
Jun 27 19:10 : update: added download/2556573502344263174_hd.mp3
Jun 27 19:10 : update: added download/2568661129224899078_hd.mp3
Jun 27 19:10 : update: added download/2578682870621950982_hd.mp3
Jun 27 19:10 : update: added download/2584631539913335814_ud.mp3
Jun 27 19:10 : update: added download/2573729952990260742_hd.mp3
Jun 27 19:10 : update: added download/2573729351694815238_hd.mp3
Jun 27 19:10 : update: added download/2566326260675037190_hd.mp3
Jun 27 19:10 : update: added download/2573714894834753542_hd.mp3
Jun 27 19:10 : update: added download/2558883926313504774_hd.mp3
Jun 27 19:10 : update: added download/2573729192781014022_hd.mp3
Jun 27 19:10 : update: added download/2556758276131280902_hd.mp3
Jun 27 19:10 : update: added download/2573714903424689158_hd.mp3
Jun 27 19:10 : update: added download/19352384708664070_hd.mp3
Jun 27 19:10 : update: added download/2558057241743730694_hd.mp3
Jun 27 19:10 : update: added download/2573729255058043910_hd.mp3
Jun 27 19:10 : update: added download/2573851564989658630_hd.mp3
Jun 27 19:10 : update: added download/2568661071242839558_hd.mp3
Jun 27 19:10 : update: added download/2574955985765541382_ud.mp3
Jun 27 19:10 : update: added download/2573730041037092358_hd.mp3
Jun 27 19:10 : update: added download/2558430547416967686_hd.mp3
Jun 27 19:10 : update: added download/2573714748805861382_hd.mp3
Jun 27 19:10 : update: added download/2565716194931446790_hd.mp3
Jun 27 19:10 : update: added /柠檬树Lemon+tree(愚人花园).ape
Jun 27 19:10 : update: added /许巍 - 故乡.ape
Jun 27 19:10 : update: added /凤飞飞《追梦人》.flac
Jun 27 19:10 : update: added /恰似你的温柔.ape
Jun 27 19:10 : update: added /天空之城.mp3
Jun 27 19:10 : update: added /驼铃-刀郎.ape
Jun 27 19:10 : update: added /像梦一样自由 - 汪峰.flac
Jun 27 19:10 : update: added /万水千山总是情.wav
Jun 27 19:10 : update: added /500_miles.flac
Jun 27 19:10 : update: added /身骑白马.ape
Jun 27 19:10 : update: added /A-Lin-天若有情.flac
Jun 27 19:10 : update: added 袁凤瑛.-.[若是你能听得见].专辑.(ape)/CDImage.ape
Jun 27 19:10 : update: added /02.传奇.flac
Jun 27 19:10 : update: added /因为我刚好遇见你.flac
Jun 27 19:10 : update: added /田馥甄-寂寞寂寞就好.ape
Jun 27 19:10 : update: added /John+Lennon-Imagine.ape
Jun 27 19:10 : update: added /驼铃 - 蒋大为.flac
Jun 27 19:10 : update: added /牵手.ape
Jun 27 19:10 : update: added radio/我们拿什么对抗平淡的生活.mp3
Jun 27 19:10 : update: added radio/我们总是突然就长大.mp3
Jun 27 19:10 : update: added radio/2524390784111137798_hd.mp3
Jun 27 19:10 : update: added radio/我们都忘了.mp3
Jun 27 19:10 : update: added radio/路，一直都在.mp3
Jun 27 19:10 : update: added radio/对不起，我的朋友都很贵.mp3
Jun 27 19:10 : update: added radio/18384463092552838_hd.mp3
Jun 27 19:10 : update: added radio/生活是为什么，你是答案.mp3
Jun 27 19:10 : update: added radio/世界每个角落都有正在奋斗的人.mp3
Jun 27 19:10 : update: added radio/父亲给儿子的一封信.mp3
Jun 27 19:10 : update: added radio/你的人生一定马不停蹄.mp3
Jun 27 19:10 : update: added radio/你焦虑证明你还有上进心.mp3
Jun 27 19:10 : update: added radio/晚安，我的大学.mp3
Jun 27 19:10 : update: added radio/不要等到走投无路才想努力.mp3
Jun 27 19:10 : update: added radio/白岩松：没有哪一代的青春是容易的.mp3
Jun 27 19:10 : update: added radio/年轻吃过的苦，都会成为你未来的路.mp3
Jun 27 19:10 : update: added radio/心灵遇见/2562001804136210950_hd.mp3
Jun 27 19:10 : update: added radio/心灵遇见/2564575013532313606_hd.mp3
Jun 27 19:10 : update: added radio/心灵遇见/2573118716867828230_hd.mp3
Jun 27 19:10 : update: added radio/心灵遇见/2575754098062565382_hd.mp3
Jun 27 19:10 : update: added radio/心灵遇见/2557580979265132038_hd.mp3
Jun 27 19:10 : update: added radio/心灵遇见/2554911646354640902_hd.mp3
Jun 27 19:10 : update: added radio/心灵遇见/2579790480410658310_hd.mp3
Jun 27 19:10 : update: added radio/心灵遇见/2560393315260452870_hd.mp3
Jun 27 19:10 : update: added radio/心灵遇见/2561881510691520006_hd.mp3
Jun 27 19:10 : update: added radio/心灵遇见/2552387433942448134_hd.mp3
Jun 27 19:10 : update: added radio/心灵遇见/2561875109042700806_hd.mp3
Jun 27 19:10 : update: added radio/心灵遇见/2557570074343098374_hd.mp3
Jun 27 19:10 : update: added radio/心灵遇见/2559639922162641926_hd.mp3
Jun 27 19:10 : update: added radio/心灵遇见/2573539557089890822_hd.mp3
Jun 27 19:10 : update: added radio/心灵遇见/2580785072430049798_hd.mp3
Jun 27 19:10 : update: added radio/心灵遇见/2578682870621950982_hd.mp3
Jun 27 19:10 : update: added radio/心灵遇见/2584631539913335814_ud.mp3
Jun 27 19:10 : update: added radio/心灵遇见/2566326260675037190_hd.mp3
Jun 27 19:10 : update: added radio/心灵遇见/2558883926313504774_hd.mp3
Jun 27 19:10 : update: added radio/心灵遇见/19352384708664070_hd.mp3
Jun 27 19:10 : update: added radio/心灵遇见/2565716194931446790_hd.mp3
Jun 27 19:12 : exception: Failed to open /home/fu/.mpd/mpdstate: No such file or directory
Jul 07 14:55 : client: [0] opened from 127.0.0.1:48108
Jul 07 14:55 : client: [1] opened from [::1]:51458
Jul 07 14:56 : exception: No such directory
Jul 07 14:56 : exception: Failed to open /home/fu/.mpd/playlists/USE="Ⅱ".m3u: No such file or directory
Jul 07 14:56 : exception: No such playlist
Jul 07 14:56 : exception: No such directory
Jul 07 14:56 : exception: Failed to open /home/fu/.mpd/playlists/RTIST=$(cmus-remote -Q | grep ' artist ' | cut -d ' ' -f3-).m3u: No such file or directory
Jul 07 14:56 : exception: No such playlist
Jul 07 14:56 : exception: No such directory
Jul 07 14:56 : exception: Failed to open /home/fu/.mpd/playlists/LBUM=$(cmus-remote -Q | grep ' album ' | cut -d ' ' -f3-).m3u: No such file or directory
Jul 07 14:56 : exception: No such playlist
Jul 07 14:56 : exception: No such directory
Jul 07 14:56 : exception: Failed to open /home/fu/.mpd/playlists/YER_STATUS=$(cmus-remote -Q | grep 'status' | cut -d ' ' -f2-).m3u: No such file or directory
Jul 07 14:56 : exception: No such playlist
Jul 07 14:56 : exception: No such directory
Jul 07 14:56 : exception: Failed to open /home/fu/.mpd/playlists/USE}".m3u: No such file or directory
Jul 07 14:56 : exception: No such playlist
Jul 07 14:56 : exception: No such directory
Jul 07 14:56 : exception: Failed to open /home/fu/.mpd/playlists/YER_STATUS}" = "playing" ]]; then.m3u: No such file or directory
Jul 07 14:56 : exception: No such playlist
Jul 07 14:56 : exception: No such directory
Jul 07 14:56 : exception: Failed to open /home/fu/.mpd/playlists/Y}".m3u: No such file or directory
Jul 07 14:56 : exception: No such playlist
Jul 07 14:56 : exception: No such directory
Jul 07 14:56 : exception: Failed to open /home/fu/.mpd/playlists/RTIST}" != "" ]]; then.m3u: No such file or directory
Jul 07 14:56 : exception: No such playlist
Jul 07 14:56 : exception: No such directory
Jul 07 14:56 : exception: Failed to open /home/fu/.mpd/playlists/RTIST} - ${INFO_TITLE} ${CUR_ICON}".m3u: No such file or directory
Jul 07 14:56 : exception: No such playlist
Jul 07 14:56 : exception: No such directory
Jul 07 14:56 : exception: Failed to open /home/fu/.mpd/playlists/RTIST} - ${INFO_TITLE} ${CUR_ICON}".m3u: No such file or directory
Jul 07 14:56 : exception: No such playlist
Jul 07 14:56 : client: [0] closed
Jul 07 14:56 : client: [2] opened from 127.0.0.1:48232
Jul 07 14:56 : client: [2] closed
Jul 07 14:56 : client: [3] opened from 127.0.0.1:48296
Jul 07 14:56 : client: [1] closed
Jul 07 14:57 : client: [4] opened from [::1]:51654
Jul 07 14:57 : client: [3] closed
Jul 07 14:57 : client: [5] opened from 127.0.0.1:48362
Jul 07 14:57 : client: [4] closed
Jul 07 14:57 : client: [6] opened from [::1]:51818
Jul 07 14:58 : client: [5] closed
Jul 07 14:58 : client: [6] closed
Jul 07 14:58 : client: [7] opened from 127.0.0.1:48532
Jul 07 15:01 : client: [7] closed
Jul 07 15:01 : client: [8] opened from 127.0.0.1:48998
Jul 07 15:02 : client: [8] closed
Jul 07 15:02 : client: [9] opened from 127.0.0.1:49126
Jul 07 15:02 : client: [10] opened from 127.0.0.1:49128
Jul 07 15:02 : client: [11] opened from 127.0.0.1:49130
Jul 07 15:02 : client: [12] opened from 127.0.0.1:49132
Jul 07 15:02 : client: [9] closed
Jul 07 15:02 : client: [11] closed
Jul 07 15:02 : client: [10] closed
Jul 07 15:02 : client: [12] closed
Jul 07 15:02 : client: [13] opened from 127.0.0.1:49248
Jul 07 15:03 : client: [13] closed
Jul 07 15:03 : client: [14] opened from 127.0.0.1:49472
Jul 07 15:07 : client: [14] closed
Jul 07 15:07 : client: [15] opened from 127.0.0.1:50010
Jul 07 15:08 : client: [15] closed
Jul 07 15:09 : client: [16] opened from 127.0.0.1:50148
Jul 07 15:10 : client: [16] closed
Jul 07 15:10 : client: [17] opened from 127.0.0.1:50284
Jul 07 15:10 : client: [17] closed
Jul 07 15:11 : client: [18] opened from 127.0.0.1:50364
Jul 07 15:11 : client: [19] opened from 127.0.0.1:50366
Jul 07 15:13 : client: [18] closed
Jul 07 15:13 : client: [19] closed
Jul 07 15:13 : client: [20] opened from 127.0.0.1:50860
Jul 07 15:16 : client: [20] closed
Jul 07 15:16 : client: [21] opened from 127.0.0.1:51202
Jul 07 15:17 : client: [21] closed
Jul 07 15:17 : client: [22] opened from 127.0.0.1:51342
Jul 07 15:18 : client: [22] closed
Jul 07 15:18 : client: [23] opened from 127.0.0.1:51412
Jul 07 15:18 : client: [24] opened from 127.0.0.1:51414
Jul 07 15:18 : client: [25] opened from 127.0.0.1:51416
Jul 07 15:18 : client: [24] closed
Jul 07 15:18 : client: [23] closed
Jul 07 15:18 : client: [25] closed
Jul 07 15:18 : client: [26] opened from 127.0.0.1:51518
Jul 07 15:18 : client: [26] closed
Jul 07 15:18 : client: [27] opened from 127.0.0.1:51654
Jul 07 15:19 : client: [27] closed
Jul 07 15:19 : client: [28] opened from 127.0.0.1:51754
Jul 07 15:20 : client: [28] closed
Jul 07 15:20 : client: [29] opened from 127.0.0.1:51970
Jul 07 16:45 : client: [29] closed
Jul 07 16:45 : client: [30] opened from 127.0.0.1:56594
Jul 07 16:45 : client: [30] closed
Jul 07 16:46 : client: [31] opened from 127.0.0.1:56676
Jul 07 16:49 : client: [31] closed
Jul 07 16:49 : client: [32] opened from 127.0.0.1:57100
Jul 07 16:52 : client: [32] closed
Jul 07 16:54 : client: [33] opened from 127.0.0.1:57486
Jul 07 16:55 : client: [33] closed
Jul 07 16:55 : client: [34] opened from 127.0.0.1:57576
Jul 07 16:55 : client: [34] closed
Jul 07 16:56 : client: [35] opened from 127.0.0.1:57676
Jul 07 16:59 : client: [35] closed
Jul 07 16:59 : client: [36] opened from 127.0.0.1:57950
Jul 07 17:06 : client: [36] closed
Jul 07 17:06 : client: [37] opened from 127.0.0.1:58592
Jul 07 17:06 : client: [37] closed
Jul 07 17:06 : client: [38] opened from 127.0.0.1:58658
Jul 07 17:06 : client: [38] closed
Jul 07 17:06 : client: [39] opened from 127.0.0.1:58680
Jul 07 17:08 : client: [39] closed
Jul 07 17:08 : client: [40] opened from 127.0.0.1:58928
Jul 07 17:18 : client: [40] closed
Jul 07 17:21 : avahi: Client Disconnected, will reconnect shortly
Jul 07 17:21 : avahi: Could not reconnect: An unexpected D-Bus error occurred
Sep 28 21:52 : client: [0] opened from 127.0.0.1:36632
Sep 28 21:52 : client: [0] closed
Sep 28 21:53 : client: [1] opened from 127.0.0.1:36704
Sep 28 21:53 : client: [1] closed
Sep 28 21:54 : client: [2] opened from 127.0.0.1:36844
Sep 28 21:55 : player: played "恰似你的温柔.ape"
Sep 28 21:56 : client: [2] closed
Sep 28 21:59 : client: [3] opened from 127.0.0.1:37564
Sep 28 21:59 : client: [3] closed
Sep 28 22:19 : client: [4] opened from 127.0.0.1:40602
Sep 28 22:20 : client: [4] closed
Sep 28 22:22 : client: [5] opened from [::1]:60562
Sep 28 22:22 : player: played "像梦一样自由 - 汪峰.flac"
Sep 28 22:22 : client: [5] closed
Sep 28 22:28 : client: [6] opened from [::1]:33242
Sep 28 22:33 : player: played "radio/晚安，我的大学.mp3"
Sep 28 22:37 : player: played "恰似你的温柔.ape"
Sep 28 22:41 : player: played "像梦一样自由 - 汪峰.flac"
Sep 28 22:43 : client: [6] closed
Sep 28 22:44 : client: [7] opened from 127.0.0.1:44160
Sep 28 22:45 : client: [7] closed
Sep 28 22:45 : client: [8] opened from [::1]:35630
Sep 28 22:47 : client: [8] closed
Sep 28 22:48 : client: [9] opened from [::1]:35952
Sep 28 22:49 : client: [9] closed
Sep 28 22:49 : client: [10] opened from [::1]:36206
Sep 28 22:51 : client: [10] closed
Sep 28 22:51 : client: [11] opened from [::1]:36362
Sep 28 22:51 : client: [11] closed
Sep 28 22:51 : client: [12] opened from [::1]:36416
Sep 28 22:51 : client: [12] closed
Sep 28 22:53 : client: [13] opened from 127.0.0.1:45324
Sep 28 22:53 : client: [13] closed
Sep 28 22:54 : client: [14] opened from 127.0.0.1:45580
Sep 28 22:55 : client: [14] closed
Sep 28 22:55 : client: [15] opened from 127.0.0.1:45694
Sep 28 22:56 : client: [15] closed
Sep 28 22:56 : client: [16] opened from 127.0.0.1:45764
Sep 28 22:57 : client: [16] closed
Sep 28 22:57 : client: [17] opened from 127.0.0.1:45836
Sep 28 22:57 : client: [17] closed
Sep 28 22:58 : player: played "radio/你焦虑证明你还有上进心.mp3"
Sep 28 22:58 : client: [18] opened from 127.0.0.1:46022
Sep 28 23:00 : client: [18] closed
Sep 28 23:00 : client: [19] opened from [::1]:37512
Sep 28 23:01 : client: [19] closed
Sep 28 23:01 : client: [20] opened from [::1]:37642
Sep 28 23:02 : player: played "恰似你的温柔.ape"
Sep 28 23:06 : player: played "像梦一样自由 - 汪峰.flac"
